c:\users\douzo\insa\4if\pld comp\cmmp\cmmp\x64\debug\vc141.pdb
c:\users\douzo\insa\4if\pld comp\cmmp\cmmp\x64\debug\vc141.idb
c:\users\douzo\insa\4if\pld comp\cmmp\cmmp\x64\debug\cmmpbaselistener.obj
c:\users\douzo\insa\4if\pld comp\cmmp\cmmp\x64\debug\cmmpbasevisitor.obj
c:\users\douzo\insa\4if\pld comp\cmmp\cmmp\x64\debug\cmmplexer.obj
c:\users\douzo\insa\4if\pld comp\cmmp\cmmp\x64\debug\cmmplistener.obj
c:\users\douzo\insa\4if\pld comp\cmmp\cmmp\x64\debug\cmmpparser.obj
c:\users\douzo\insa\4if\pld comp\cmmp\cmmp\x64\debug\cmmpvisitor.obj
c:\users\douzo\insa\4if\pld comp\cmmp\cmmp\x64\debug\main.obj
c:\users\douzo\insa\4if\pld comp\pld-comp-cmmp\cmmp\x64\debug\vc141.pdb
c:\users\douzo\insa\4if\pld comp\pld-comp-cmmp\cmmp\x64\debug\vc141.idb
c:\users\douzo\insa\4if\pld comp\pld-comp-cmmp\cmmp\x64\debug\cmmpbaselistener.obj
c:\users\douzo\insa\4if\pld comp\pld-comp-cmmp\cmmp\x64\debug\cmmpbasevisitor.obj
c:\users\douzo\insa\4if\pld comp\pld-comp-cmmp\cmmp\x64\debug\cmmplexer.obj
c:\users\douzo\insa\4if\pld comp\pld-comp-cmmp\cmmp\x64\debug\cmmplistener.obj
c:\users\douzo\insa\4if\pld comp\pld-comp-cmmp\cmmp\x64\debug\cmmpparser.obj
c:\users\douzo\insa\4if\pld comp\pld-comp-cmmp\cmmp\x64\debug\cmmpvisitor.obj
c:\users\douzo\insa\4if\pld comp\pld-comp-cmmp\cmmp\x64\debug\block.obj
c:\users\douzo\insa\4if\pld comp\pld-comp-cmmp\cmmp\x64\debug\condition.obj
c:\users\douzo\insa\4if\pld comp\pld-comp-cmmp\cmmp\x64\debug\const.obj
c:\users\douzo\insa\4if\pld comp\pld-comp-cmmp\cmmp\x64\debug\expression.obj
c:\users\douzo\insa\4if\pld comp\pld-comp-cmmp\cmmp\x64\debug\funct.obj
c:\users\douzo\insa\4if\pld comp\pld-comp-cmmp\cmmp\x64\debug\instruction.obj
c:\users\douzo\insa\4if\pld comp\pld-comp-cmmp\cmmp\x64\debug\loop.obj
c:\users\douzo\insa\4if\pld comp\pld-comp-cmmp\cmmp\x64\debug\program.obj
c:\users\douzo\insa\4if\pld comp\pld-comp-cmmp\cmmp\x64\debug\variable.obj
c:\users\douzo\insa\4if\pld comp\pld-comp-cmmp\cmmp\x64\debug\main.obj
c:\users\douzo\insa\4if\pld comp\cmmp\x64\debug\cmmp.ilk
c:\users\douzo\insa\4if\pld comp\cmmp\x64\debug\cmmp.exe
c:\users\douzo\insa\4if\pld comp\cmmp\x64\debug\cmmp.pdb
c:\users\douzo\insa\4if\pld comp\pld-comp-cmmp\cmmp\x64\debug\cmmp.ilk
c:\users\douzo\insa\4if\pld comp\pld-comp-cmmp\cmmp\x64\debug\cmmp.pdb
c:\users\douzo\insa\4if\pld comp\pld-comp-cmmp\x64\debug\cmmp.pdb
c:\users\douzo\insa\4if\pld comp\pld-comp-cmmp\cmmp\x64\debug\cmmp.tlog\cl.command.1.tlog
c:\users\douzo\insa\4if\pld comp\pld-comp-cmmp\cmmp\x64\debug\cmmp.tlog\cl.read.1.tlog
c:\users\douzo\insa\4if\pld comp\pld-comp-cmmp\cmmp\x64\debug\cmmp.tlog\cl.write.1.tlog
c:\users\douzo\insa\4if\pld comp\pld-comp-cmmp\cmmp\x64\debug\cmmp.tlog\link-cvtres.read.1.tlog
c:\users\douzo\insa\4if\pld comp\pld-comp-cmmp\cmmp\x64\debug\cmmp.tlog\link-cvtres.write.1.tlog
c:\users\douzo\insa\4if\pld comp\pld-comp-cmmp\cmmp\x64\debug\cmmp.tlog\link-rc.read.1.tlog
c:\users\douzo\insa\4if\pld comp\pld-comp-cmmp\cmmp\x64\debug\cmmp.tlog\link-rc.write.1.tlog
c:\users\douzo\insa\4if\pld comp\pld-comp-cmmp\cmmp\x64\debug\cmmp.tlog\link.command.1.tlog
c:\users\douzo\insa\4if\pld comp\pld-comp-cmmp\cmmp\x64\debug\cmmp.tlog\link.read.1.tlog
c:\users\douzo\insa\4if\pld comp\pld-comp-cmmp\cmmp\x64\debug\cmmp.tlog\link.write.1.tlog
