Determining if the pthread_create exist failed with the following output:
Change Dir: /home/doudou/Documents/INSA/4IF/PLD COMP/PLD-COMP-CMMP/build_google/CMakeFiles/CMakeTmp

Run Build Command:"/usr/bin/make" "cmTC_dfaa8/fast"
/usr/bin/make -f CMakeFiles/cmTC_dfaa8.dir/build.make CMakeFiles/cmTC_dfaa8.dir/build
make[1] : on entre dans le répertoire « /home/doudou/Documents/INSA/4IF/PLD COMP/PLD-COMP-CMMP/build_google/CMakeFiles/CMakeTmp »
Building C object CMakeFiles/cmTC_dfaa8.dir/CheckSymbolExists.c.o
/usr/bin/cc     -o CMakeFiles/cmTC_dfaa8.dir/CheckSymbolExists.c.o   -c "/home/doudou/Documents/INSA/4IF/PLD COMP/PLD-COMP-CMMP/build_google/CMakeFiles/CMakeTmp/CheckSymbolExists.c"
Linking C executable cmTC_dfaa8
/usr/bin/cmake -E cmake_link_script CMakeFiles/cmTC_dfaa8.dir/link.txt --verbose=1
/usr/bin/cc       CMakeFiles/cmTC_dfaa8.dir/CheckSymbolExists.c.o  -o cmTC_dfaa8 -rdynamic 
CMakeFiles/cmTC_dfaa8.dir/CheckSymbolExists.c.o : Dans la fonction « main » :
CheckSymbolExists.c:(.text+0x16) : référence indéfinie vers « pthread_create »
collect2: error: ld returned 1 exit status
CMakeFiles/cmTC_dfaa8.dir/build.make:97 : la recette pour la cible « cmTC_dfaa8 » a échouée
make[1]: *** [cmTC_dfaa8] Erreur 1
make[1] : on quitte le répertoire « /home/doudou/Documents/INSA/4IF/PLD COMP/PLD-COMP-CMMP/build_google/CMakeFiles/CMakeTmp »
Makefile:126 : la recette pour la cible « cmTC_dfaa8/fast » a échouée
make: *** [cmTC_dfaa8/fast] Erreur 2

File /home/doudou/Documents/INSA/4IF/PLD COMP/PLD-COMP-CMMP/build_google/CMakeFiles/CMakeTmp/CheckSymbolExists.c:
/* */
#include <pthread.h>

int main(int argc, char** argv)
{
  (void)argv;
#ifndef pthread_create
  return ((int*)(&pthread_create))[argc];
#else
  (void)argc;
  return 0;
#endif
}

